\BOOKMARK [1][-]{section.1}{\376\377\000\301\000l\000g\000e\000b\000r\000a\000\040\000L\000i\000n\000e\000a\000r}{}% 1
\BOOKMARK [2][-]{subsection.1.1}{\376\377\000F\000u\000n\000d\000a\000m\000e\000n\000t\000o\000s\000\040\000e\000\040\000D\000u\000a\000l\000i\000d\000a\000d\000e}{section.1}% 2
\BOOKMARK [2][-]{subsection.1.2}{\376\377\000M\000a\000p\000a\000s\000\040\000L\000i\000n\000e\000a\000r\000e\000s\000,\000\040\000M\000a\000t\000r\000i\000z\000e\000s\000,\000\040\000D\000e\000t\000e\000r\000m\000i\000n\000a\000n\000t\000e\000\040\000e\000\040\000T\000r\000a\000\347\000o}{section.1}% 3
\BOOKMARK [2][-]{subsection.1.3}{\376\377\000E\000s\000t\000r\000u\000t\000u\000r\000a\000\040\000E\000u\000c\000l\000i\000d\000i\000a\000n\000a\000\040\000e\000\040\000F\000o\000r\000m\000a\000s\000\040\000B\000i\000l\000i\000n\000e\000a\000r\000e\000s}{section.1}% 4
\BOOKMARK [2][-]{subsection.1.4}{\376\377\000T\000e\000o\000r\000i\000a\000\040\000E\000s\000p\000e\000c\000t\000r\000a\000l}{section.1}% 5
\BOOKMARK [1][-]{section.2}{\376\377\000G\000r\000u\000p\000o\000s}{}% 6
\BOOKMARK [1][-]{section.3}{\376\377\000A\000n\000\351\000i\000s}{}% 7
\BOOKMARK [1][-]{section.4}{\376\377\000C\000o\000r\000p\000o\000s}{}% 8
\BOOKMARK [1][-]{section.5}{\376\377\000M\000\351\000t\000r\000i\000c\000o\000s}{}% 9
\BOOKMARK [1][-]{section.6}{\376\377\000A\000n\000\341\000l\000i\000s\000e\000\040\0001}{}% 10
\BOOKMARK [1][-]{section.7}{\376\377\000A\000n\000\341\000l\000i\000s\000e\000\040\0002}{}% 11
\BOOKMARK [1][-]{section.8}{\376\377\000A\000n\000\341\000l\000i\000s\000e\000\040\000C\000o\000m\000p\000l\000e\000x\000a}{}% 12
\BOOKMARK [1][-]{section.9}{\376\377\000M\000e\000d\000i\000d\000a}{}% 13
\BOOKMARK [1][-]{section.10}{\376\377\000F\000u\000n\000c\000i\000o\000n\000a\000l}{}% 14
\BOOKMARK [1][-]{section.11}{\376\377\000E\000D\000O}{}% 15
\BOOKMARK [1][-]{section.12}{\376\377\000E\000D\000P}{}% 16
\BOOKMARK [1][-]{section.13}{\376\377\000P\000r\000o\000b\000a\000b\000i\000l\000i\000d\000a\000d\000e}{}% 17
\BOOKMARK [1][-]{section.14}{\376\377\000T\000o\000p\000o\000l\000o\000g\000i\000a}{}% 18
\BOOKMARK [1][-]{section.15}{\376\377\000T\000o\000p\000o\000l\000o\000g\000i\000a\000\040\000A\000l\000g\000\351\000b\000r\000i\000c\000a}{}% 19
\BOOKMARK [1][-]{section.16}{\376\377\000T\000o\000p\000o\000l\000o\000g\000i\000a\000\040\000D\000i\000f\000e\000r\000e\000n\000c\000i\000a\000l}{}% 20
\BOOKMARK [1][-]{section.17}{\376\377\000A\000n\000\341\000l\000i\000s\000e\000\040\000e\000m\000\040\000V\000a\000r\000i\000e\000d\000a\000d\000e\000s}{}% 21
\BOOKMARK [1][-]{section.18}{\376\377\000R\000i\000e\000m\000a\000n\000n\000i\000a\000n\000a}{}% 22
